The system is: Linux - 3.10.0-1127.10.1.el7.x86_64 - x86_64
Compiling the CXX compiler identification source file "CMakeCXXCompilerId.cpp" succeeded.
Compiler: /home/frodo/public/ugls_lab-4.0.70/bin/c++ 
Build flags: 
Id flags:  

The output was:
0


Compilation of the CXX compiler identification source "CMakeCXXCompilerId.cpp" produced "a.out"

The CXX compiler identification is GNU, found in "/home/judeonyia/Documents/ECE596C_Assignments/ECE596C_Project/cpp_project-jude-onyia/Project_Assgn_precheck_folder/package-orig/derived/CMakeFiles/3.17.1/CompilerIdCXX/a.out"

Determining if the CXX compiler works passed with the following output:
Change Dir: /home/judeonyia/Documents/ECE596C_Assignments/ECE596C_Project/cpp_project-jude-onyia/Project_Assgn_precheck_folder/package-orig/derived/CMakeFiles/CMakeTmp

Run Build Command(s):/usr/bin/gmake cmTC_75a0b/fast && /usr/bin/gmake  -f CMakeFiles/cmTC_75a0b.dir/build.make CMakeFiles/cmTC_75a0b.dir/build
gmake[1]: Entering directory `/home/judeonyia/Documents/ECE596C_Assignments/ECE596C_Project/cpp_project-jude-onyia/Project_Assgn_precheck_folder/package-orig/derived/CMakeFiles/CMakeTmp'
Building CXX object CMakeFiles/cmTC_75a0b.dir/testCXXCompiler.cxx.o
/home/frodo/public/ugls_lab-4.0.70/bin/c++     -o CMakeFiles/cmTC_75a0b.dir/testCXXCompiler.cxx.o -c /home/judeonyia/Documents/ECE596C_Assignments/ECE596C_Project/cpp_project-jude-onyia/Project_Assgn_precheck_folder/package-orig/derived/CMakeFiles/CMakeTmp/testCXXCompiler.cxx
Linking CXX executable cmTC_75a0b
/home/frodo/public/ugls_lab-4.0.70/packages/cmake-3.17.1/bin/cmake -E cmake_link_script CMakeFiles/cmTC_75a0b.dir/link.txt --verbose=1
/home/frodo/public/ugls_lab-4.0.70/bin/c++       -rdynamic CMakeFiles/cmTC_75a0b.dir/testCXXCompiler.cxx.o  -o cmTC_75a0b 
gmake[1]: Leaving directory `/home/judeonyia/Documents/ECE596C_Assignments/ECE596C_Project/cpp_project-jude-onyia/Project_Assgn_precheck_folder/package-orig/derived/CMakeFiles/CMakeTmp'



Detecting CXX compiler ABI info compiled with the following output:
Change Dir: /home/judeonyia/Documents/ECE596C_Assignments/ECE596C_Project/cpp_project-jude-onyia/Project_Assgn_precheck_folder/package-orig/derived/CMakeFiles/CMakeTmp

Run Build Command(s):/usr/bin/gmake cmTC_7f104/fast && /usr/bin/gmake  -f CMakeFiles/cmTC_7f104.dir/build.make CMakeFiles/cmTC_7f104.dir/build
gmake[1]: Entering directory `/home/judeonyia/Documents/ECE596C_Assignments/ECE596C_Project/cpp_project-jude-onyia/Project_Assgn_precheck_folder/package-orig/derived/CMakeFiles/CMakeTmp'
Building CXX object CMakeFiles/cmTC_7f104.dir/CMakeCXXCompilerABI.cpp.o
/home/frodo/public/ugls_lab-4.0.70/bin/c++    -v -o CMakeFiles/cmTC_7f104.dir/CMakeCXXCompilerABI.cpp.o -c /home/frodo/public/ugls_lab-4.0.70/packages/cmake-3.17.1/share/cmake-3.17/Modules/CMakeCXXCompilerABI.cpp
Using built-in specs.
COLLECT_GCC=/home/frodo/public/ugls_lab-4.0.70/packages/gcc/bin/g++
Target: x86_64-pc-linux-gnu
Configured with: ../src/configure --prefix=/home/frodo/public/ugls_lab-4.0.70/packages/gcc-9.3.0 --with-default-libstdcxx-abi=gcc4-compatible --enable-threads=posix --enable-tls --disable-multilib --enable-languages=all
Thread model: posix
gcc version 9.3.0 (GCC) 
COLLECT_GCC_OPTIONS='-isystem' '/home/frodo/public/ugls_lab-4.0.70/packages/boost/include' '-isystem' '/home/frodo/public/ugls_lab-4.0.70/packages/catch/include' '-isystem' '/home/frodo/public/ugls_lab-4.0.70/packages/gsl/include' '-isystem' '/home/frodo/public/ugls_lab-4.0.70/packages/CGAL/include' '-isystem' '/home/frodo/public/ugls_lab-4.0.70/packages/jasper/include' '-v' '-o' 'CMakeFiles/cmTC_7f104.dir/CMakeCXXCompilerABI.cpp.o' '-c' '-L/home/frodo/public/ugls_lab-4.0.70/packages/boost/lib' '-L/home/frodo/public/ugls_lab-4.0.70/packages/catch/lib64' '-L/home/frodo/public/ugls_lab-4.0.70/packages/CGAL/lib64' '-L/home/frodo/public/ugls_lab-4.0.70/packages/jasper/lib64' '-shared-libgcc' '-mtune=generic' '-march=x86-64'
 /home/frodo/public/ugls_lab-4.0.70/packages/gcc-9.3.0/libexec/gcc/x86_64-pc-linux-gnu/9.3.0/cc1plus -quiet -v -D_GNU_SOURCE -isystem /home/frodo/public/ugls_lab-4.0.70/packages/boost/include -isystem /home/frodo/public/ugls_lab-4.0.70/packages/catch/include -isystem /home/frodo/public/ugls_lab-4.0.70/packages/gsl/include -isystem /home/frodo/public/ugls_lab-4.0.70/packages/CGAL/include -isystem /home/frodo/public/ugls_lab-4.0.70/packages/jasper/include /home/frodo/public/ugls_lab-4.0.70/packages/cmake-3.17.1/share/cmake-3.17/Modules/CMakeCXXCompilerABI.cpp -quiet -dumpbase CMakeCXXCompilerABI.cpp -mtune=generic -march=x86-64 -auxbase-strip CMakeFiles/cmTC_7f104.dir/CMakeCXXCompilerABI.cpp.o -version -o /tmp/ccWFnGfk.s
GNU C++14 (GCC) version 9.3.0 (x86_64-pc-linux-gnu)
	compiled by GNU C version 9.3.0, GMP version 6.1.0, MPFR version 3.1.4, MPC version 1.0.3, isl version isl-0.18-GMP

GGC heuristics: --param ggc-min-expand=100 --param ggc-min-heapsize=131072
ignoring nonexistent directory "/home/frodo/public/ugls_lab-4.0.70/packages/gcc-9.3.0/lib/gcc/x86_64-pc-linux-gnu/9.3.0/../../../../x86_64-pc-linux-gnu/include"
#include "..." search starts here:
#include <...> search starts here:
 /home/frodo/public/ugls_lab-4.0.70/packages/boost/include
 /home/frodo/public/ugls_lab-4.0.70/packages/catch/include
 /home/frodo/public/ugls_lab-4.0.70/packages/gsl/include
 /home/frodo/public/ugls_lab-4.0.70/packages/CGAL/include
 /home/frodo/public/ugls_lab-4.0.70/packages/jasper/include
 /home/frodo/public/ugls_lab-4.0.70/packages/gcc-9.3.0/lib/gcc/x86_64-pc-linux-gnu/9.3.0/../../../../include/c++/9.3.0
 /home/frodo/public/ugls_lab-4.0.70/packages/gcc-9.3.0/lib/gcc/x86_64-pc-linux-gnu/9.3.0/../../../../include/c++/9.3.0/x86_64-pc-linux-gnu
 /home/frodo/public/ugls_lab-4.0.70/packages/gcc-9.3.0/lib/gcc/x86_64-pc-linux-gnu/9.3.0/../../../../include/c++/9.3.0/backward
 /home/frodo/public/ugls_lab-4.0.70/packages/gcc-9.3.0/lib/gcc/x86_64-pc-linux-gnu/9.3.0/include
 /usr/local/include
 /home/frodo/public/ugls_lab-4.0.70/packages/gcc-9.3.0/include
 /home/frodo/public/ugls_lab-4.0.70/packages/gcc-9.3.0/lib/gcc/x86_64-pc-linux-gnu/9.3.0/include-fixed
 /usr/include
End of search list.
GNU C++14 (GCC) version 9.3.0 (x86_64-pc-linux-gnu)
	compiled by GNU C version 9.3.0, GMP version 6.1.0, MPFR version 3.1.4, MPC version 1.0.3, isl version isl-0.18-GMP

GGC heuristics: --param ggc-min-expand=100 --param ggc-min-heapsize=131072
Compiler executable checksum: bf8a17f1420ab312ded64984794541c5
COLLECT_GCC_OPTIONS='-isystem' '/home/frodo/public/ugls_lab-4.0.70/packages/boost/include' '-isystem' '/home/frodo/public/ugls_lab-4.0.70/packages/catch/include' '-isystem' '/home/frodo/public/ugls_lab-4.0.70/packages/gsl/include' '-isystem' '/home/frodo/public/ugls_lab-4.0.70/packages/CGAL/include' '-isystem' '/home/frodo/public/ugls_lab-4.0.70/packages/jasper/include' '-v' '-o' 'CMakeFiles/cmTC_7f104.dir/CMakeCXXCompilerABI.cpp.o' '-c' '-L/home/frodo/public/ugls_lab-4.0.70/packages/boost/lib' '-L/home/frodo/public/ugls_lab-4.0.70/packages/catch/lib64' '-L/home/frodo/public/ugls_lab-4.0.70/packages/CGAL/lib64' '-L/home/frodo/public/ugls_lab-4.0.70/packages/jasper/lib64' '-shared-libgcc' '-mtune=generic' '-march=x86-64'
 as -v --64 -o CMakeFiles/cmTC_7f104.dir/CMakeCXXCompilerABI.cpp.o /tmp/ccWFnGfk.s
GNU assembler version 2.27 (x86_64-redhat-linux) using BFD version version 2.27-43.base.el7_8.1
COMPILER_PATH=/home/frodo/public/ugls_lab-4.0.70/packages/gcc-9.3.0/libexec/gcc/x86_64-pc-linux-gnu/9.3.0/:/home/frodo/public/ugls_lab-4.0.70/packages/gcc-9.3.0/libexec/gcc/x86_64-pc-linux-gnu/9.3.0/:/home/frodo/public/ugls_lab-4.0.70/packages/gcc-9.3.0/libexec/gcc/x86_64-pc-linux-gnu/:/home/frodo/public/ugls_lab-4.0.70/packages/gcc-9.3.0/lib/gcc/x86_64-pc-linux-gnu/9.3.0/:/home/frodo/public/ugls_lab-4.0.70/packages/gcc-9.3.0/lib/gcc/x86_64-pc-linux-gnu/
LIBRARY_PATH=/home/frodo/public/ugls_lab-4.0.70/packages/gcc-9.3.0/lib/gcc/x86_64-pc-linux-gnu/9.3.0/:/home/frodo/public/ugls_lab-4.0.70/packages/gcc-9.3.0/lib/gcc/x86_64-pc-linux-gnu/9.3.0/../../../../lib64/:/lib/../lib64/:/usr/lib/../lib64/:/home/frodo/public/ugls_lab-4.0.70/packages/gcc-9.3.0/lib/gcc/x86_64-pc-linux-gnu/9.3.0/../../../:/lib/:/usr/lib/
COLLECT_GCC_OPTIONS='-isystem' '/home/frodo/public/ugls_lab-4.0.70/packages/boost/include' '-isystem' '/home/frodo/public/ugls_lab-4.0.70/packages/catch/include' '-isystem' '/home/frodo/public/ugls_lab-4.0.70/packages/gsl/include' '-isystem' '/home/frodo/public/ugls_lab-4.0.70/packages/CGAL/include' '-isystem' '/home/frodo/public/ugls_lab-4.0.70/packages/jasper/include' '-v' '-o' 'CMakeFiles/cmTC_7f104.dir/CMakeCXXCompilerABI.cpp.o' '-c' '-L/home/frodo/public/ugls_lab-4.0.70/packages/boost/lib' '-L/home/frodo/public/ugls_lab-4.0.70/packages/catch/lib64' '-L/home/frodo/public/ugls_lab-4.0.70/packages/CGAL/lib64' '-L/home/frodo/public/ugls_lab-4.0.70/packages/jasper/lib64' '-shared-libgcc' '-mtune=generic' '-march=x86-64'
Linking CXX executable cmTC_7f104
/home/frodo/public/ugls_lab-4.0.70/packages/cmake-3.17.1/bin/cmake -E cmake_link_script CMakeFiles/cmTC_7f104.dir/link.txt --verbose=1
/home/frodo/public/ugls_lab-4.0.70/bin/c++      -v -rdynamic CMakeFiles/cmTC_7f104.dir/CMakeCXXCompilerABI.cpp.o  -o cmTC_7f104 
Using built-in specs.
COLLECT_GCC=/home/frodo/public/ugls_lab-4.0.70/packages/gcc/bin/g++
COLLECT_LTO_WRAPPER=/home/frodo/public/ugls_lab-4.0.70/packages/gcc-9.3.0/libexec/gcc/x86_64-pc-linux-gnu/9.3.0/lto-wrapper
Target: x86_64-pc-linux-gnu
Configured with: ../src/configure --prefix=/home/frodo/public/ugls_lab-4.0.70/packages/gcc-9.3.0 --with-default-libstdcxx-abi=gcc4-compatible --enable-threads=posix --enable-tls --disable-multilib --enable-languages=all
Thread model: posix
gcc version 9.3.0 (GCC) 
COMPILER_PATH=/home/frodo/public/ugls_lab-4.0.70/packages/gcc-9.3.0/libexec/gcc/x86_64-pc-linux-gnu/9.3.0/:/home/frodo/public/ugls_lab-4.0.70/packages/gcc-9.3.0/libexec/gcc/x86_64-pc-linux-gnu/9.3.0/:/home/frodo/public/ugls_lab-4.0.70/packages/gcc-9.3.0/libexec/gcc/x86_64-pc-linux-gnu/:/home/frodo/public/ugls_lab-4.0.70/packages/gcc-9.3.0/lib/gcc/x86_64-pc-linux-gnu/9.3.0/:/home/frodo/public/ugls_lab-4.0.70/packages/gcc-9.3.0/lib/gcc/x86_64-pc-linux-gnu/
LIBRARY_PATH=/home/frodo/public/ugls_lab-4.0.70/packages/gcc-9.3.0/lib/gcc/x86_64-pc-linux-gnu/9.3.0/:/home/frodo/public/ugls_lab-4.0.70/packages/gcc-9.3.0/lib/gcc/x86_64-pc-linux-gnu/9.3.0/../../../../lib64/:/lib/../lib64/:/usr/lib/../lib64/:/home/frodo/public/ugls_lab-4.0.70/packages/gcc-9.3.0/lib/gcc/x86_64-pc-linux-gnu/9.3.0/../../../:/lib/:/usr/lib/
COLLECT_GCC_OPTIONS='-isystem' '/home/frodo/public/ugls_lab-4.0.70/packages/boost/include' '-isystem' '/home/frodo/public/ugls_lab-4.0.70/packages/catch/include' '-isystem' '/home/frodo/public/ugls_lab-4.0.70/packages/gsl/include' '-isystem' '/home/frodo/public/ugls_lab-4.0.70/packages/CGAL/include' '-isystem' '/home/frodo/public/ugls_lab-4.0.70/packages/jasper/include' '-v' '-rdynamic' '-o' 'cmTC_7f104' '-L/home/frodo/public/ugls_lab-4.0.70/packages/boost/lib' '-L/home/frodo/public/ugls_lab-4.0.70/packages/catch/lib64' '-L/home/frodo/public/ugls_lab-4.0.70/packages/CGAL/lib64' '-L/home/frodo/public/ugls_lab-4.0.70/packages/jasper/lib64' '-shared-libgcc' '-mtune=generic' '-march=x86-64'
 /home/frodo/public/ugls_lab-4.0.70/packages/gcc-9.3.0/libexec/gcc/x86_64-pc-linux-gnu/9.3.0/collect2 -plugin /home/frodo/public/ugls_lab-4.0.70/packages/gcc-9.3.0/libexec/gcc/x86_64-pc-linux-gnu/9.3.0/liblto_plugin.so -plugin-opt=/home/frodo/public/ugls_lab-4.0.70/packages/gcc-9.3.0/libexec/gcc/x86_64-pc-linux-gnu/9.3.0/lto-wrapper -plugin-opt=-fresolution=/tmp/ccggz6Do.res -plugin-opt=-pass-through=-lgcc_s -plugin-opt=-pass-through=-lgcc -plugin-opt=-pass-through=-lc -plugin-opt=-pass-through=-lgcc_s -plugin-opt=-pass-through=-lgcc --eh-frame-hdr -m elf_x86_64 -export-dynamic -dynamic-linker /lib64/ld-linux-x86-64.so.2 -o cmTC_7f104 /lib/../lib64/crt1.o /lib/../lib64/crti.o /home/frodo/public/ugls_lab-4.0.70/packages/gcc-9.3.0/lib/gcc/x86_64-pc-linux-gnu/9.3.0/crtbegin.o -L/home/frodo/public/ugls_lab-4.0.70/packages/boost/lib -L/home/frodo/public/ugls_lab-4.0.70/packages/catch/lib64 -L/home/frodo/public/ugls_lab-4.0.70/packages/CGAL/lib64 -L/home/frodo/public/ugls_lab-4.0.70/packages/jasper/lib64 -L/home/frodo/public/ugls_lab-4.0.70/packages/gcc-9.3.0/lib/gcc/x86_64-pc-linux-gnu/9.3.0 -L/home/frodo/public/ugls_lab-4.0.70/packages/gcc-9.3.0/lib/gcc/x86_64-pc-linux-gnu/9.3.0/../../../../lib64 -L/lib/../lib64 -L/usr/lib/../lib64 -L/home/frodo/public/ugls_lab-4.0.70/packages/gcc-9.3.0/lib/gcc/x86_64-pc-linux-gnu/9.3.0/../../.. CMakeFiles/cmTC_7f104.dir/CMakeCXXCompilerABI.cpp.o -rpath /home/frodo/public/ugls_lab-4.0.70/packages/boost/lib -rpath /home/frodo/public/ugls_lab-4.0.70/packages/catch/lib64 -rpath /home/frodo/public/ugls_lab-4.0.70/packages/CGAL/lib64 -rpath /home/frodo/public/ugls_lab-4.0.70/packages/jasper/lib64 -rpath /home/frodo/public/ugls_lab-4.0.70/packages/gcc/lib64 -lstdc++ -lm -lgcc_s -lgcc -lc -lgcc_s -lgcc /home/frodo/public/ugls_lab-4.0.70/packages/gcc-9.3.0/lib/gcc/x86_64-pc-linux-gnu/9.3.0/crtend.o /lib/../lib64/crtn.o
COLLECT_GCC_OPTIONS='-isystem' '/home/frodo/public/ugls_lab-4.0.70/packages/boost/include' '-isystem' '/home/frodo/public/ugls_lab-4.0.70/packages/catch/include' '-isystem' '/home/frodo/public/ugls_lab-4.0.70/packages/gsl/include' '-isystem' '/home/frodo/public/ugls_lab-4.0.70/packages/CGAL/include' '-isystem' '/home/frodo/public/ugls_lab-4.0.70/packages/jasper/include' '-v' '-rdynamic' '-o' 'cmTC_7f104' '-L/home/frodo/public/ugls_lab-4.0.70/packages/boost/lib' '-L/home/frodo/public/ugls_lab-4.0.70/packages/catch/lib64' '-L/home/frodo/public/ugls_lab-4.0.70/packages/CGAL/lib64' '-L/home/frodo/public/ugls_lab-4.0.70/packages/jasper/lib64' '-shared-libgcc' '-mtune=generic' '-march=x86-64'
gmake[1]: Leaving directory `/home/judeonyia/Documents/ECE596C_Assignments/ECE596C_Project/cpp_project-jude-onyia/Project_Assgn_precheck_folder/package-orig/derived/CMakeFiles/CMakeTmp'



Parsed CXX implicit include dir info from above output: rv=done
  found start of include info
  found start of implicit include info
    add: [/home/frodo/public/ugls_lab-4.0.70/packages/boost/include]
    add: [/home/frodo/public/ugls_lab-4.0.70/packages/catch/include]
    add: [/home/frodo/public/ugls_lab-4.0.70/packages/gsl/include]
    add: [/home/frodo/public/ugls_lab-4.0.70/packages/CGAL/include]
    add: [/home/frodo/public/ugls_lab-4.0.70/packages/jasper/include]
    add: [/home/frodo/public/ugls_lab-4.0.70/packages/gcc-9.3.0/lib/gcc/x86_64-pc-linux-gnu/9.3.0/../../../../include/c++/9.3.0]
    add: [/home/frodo/public/ugls_lab-4.0.70/packages/gcc-9.3.0/lib/gcc/x86_64-pc-linux-gnu/9.3.0/../../../../include/c++/9.3.0/x86_64-pc-linux-gnu]
    add: [/home/frodo/public/ugls_lab-4.0.70/packages/gcc-9.3.0/lib/gcc/x86_64-pc-linux-gnu/9.3.0/../../../../include/c++/9.3.0/backward]
    add: [/home/frodo/public/ugls_lab-4.0.70/packages/gcc-9.3.0/lib/gcc/x86_64-pc-linux-gnu/9.3.0/include]
    add: [/usr/local/include]
    add: [/home/frodo/public/ugls_lab-4.0.70/packages/gcc-9.3.0/include]
    add: [/home/frodo/public/ugls_lab-4.0.70/packages/gcc-9.3.0/lib/gcc/x86_64-pc-linux-gnu/9.3.0/include-fixed]
    add: [/usr/include]
  end of search list found
  collapse include dir [/home/frodo/public/ugls_lab-4.0.70/packages/boost/include] ==> [/home/frodo/public/ugls_lab-4.0.70/packages/boost/include]
  collapse include dir [/home/frodo/public/ugls_lab-4.0.70/packages/catch/include] ==> [/home/frodo/public/ugls_lab-4.0.70/packages/catch/include]
  collapse include dir [/home/frodo/public/ugls_lab-4.0.70/packages/gsl/include] ==> [/home/frodo/public/ugls_lab-4.0.70/packages/gsl/include]
  collapse include dir [/home/frodo/public/ugls_lab-4.0.70/packages/CGAL/include] ==> [/home/frodo/public/ugls_lab-4.0.70/packages/CGAL/include]
  collapse include dir [/home/frodo/public/ugls_lab-4.0.70/packages/jasper/include] ==> [/home/frodo/public/ugls_lab-4.0.70/packages/jasper/include]
  collapse include dir [/home/frodo/public/ugls_lab-4.0.70/packages/gcc-9.3.0/lib/gcc/x86_64-pc-linux-gnu/9.3.0/../../../../include/c++/9.3.0] ==> [/home/frodo/public/ugls_lab-4.0.70/packages/gcc-9.3.0/include/c++/9.3.0]
  collapse include dir [/home/frodo/public/ugls_lab-4.0.70/packages/gcc-9.3.0/lib/gcc/x86_64-pc-linux-gnu/9.3.0/../../../../include/c++/9.3.0/x86_64-pc-linux-gnu] ==> [/home/frodo/public/ugls_lab-4.0.70/packages/gcc-9.3.0/include/c++/9.3.0/x86_64-pc-linux-gnu]
  collapse include dir [/home/frodo/public/ugls_lab-4.0.70/packages/gcc-9.3.0/lib/gcc/x86_64-pc-linux-gnu/9.3.0/../../../../include/c++/9.3.0/backward] ==> [/home/frodo/public/ugls_lab-4.0.70/packages/gcc-9.3.0/include/c++/9.3.0/backward]
  collapse include dir [/home/frodo/public/ugls_lab-4.0.70/packages/gcc-9.3.0/lib/gcc/x86_64-pc-linux-gnu/9.3.0/include] ==> [/home/frodo/public/ugls_lab-4.0.70/packages/gcc-9.3.0/lib/gcc/x86_64-pc-linux-gnu/9.3.0/include]
  collapse include dir [/usr/local/include] ==> [/usr/local/include]
  collapse include dir [/home/frodo/public/ugls_lab-4.0.70/packages/gcc-9.3.0/include] ==> [/home/frodo/public/ugls_lab-4.0.70/packages/gcc-9.3.0/include]
  collapse include dir [/home/frodo/public/ugls_lab-4.0.70/packages/gcc-9.3.0/lib/gcc/x86_64-pc-linux-gnu/9.3.0/include-fixed] ==> [/home/frodo/public/ugls_lab-4.0.70/packages/gcc-9.3.0/lib/gcc/x86_64-pc-linux-gnu/9.3.0/include-fixed]
  collapse include dir [/usr/include] ==> [/usr/include]
  implicit include dirs: [/home/frodo/public/ugls_lab-4.0.70/packages/boost/include;/home/frodo/public/ugls_lab-4.0.70/packages/catch/include;/home/frodo/public/ugls_lab-4.0.70/packages/gsl/include;/home/frodo/public/ugls_lab-4.0.70/packages/CGAL/include;/home/frodo/public/ugls_lab-4.0.70/packages/jasper/include;/home/frodo/public/ugls_lab-4.0.70/packages/gcc-9.3.0/include/c++/9.3.0;/home/frodo/public/ugls_lab-4.0.70/packages/gcc-9.3.0/include/c++/9.3.0/x86_64-pc-linux-gnu;/home/frodo/public/ugls_lab-4.0.70/packages/gcc-9.3.0/include/c++/9.3.0/backward;/home/frodo/public/ugls_lab-4.0.70/packages/gcc-9.3.0/lib/gcc/x86_64-pc-linux-gnu/9.3.0/include;/usr/local/include;/home/frodo/public/ugls_lab-4.0.70/packages/gcc-9.3.0/include;/home/frodo/public/ugls_lab-4.0.70/packages/gcc-9.3.0/lib/gcc/x86_64-pc-linux-gnu/9.3.0/include-fixed;/usr/include]


Parsed CXX implicit link information from above output:
  link line regex: [^( *|.*[/\])(ld|CMAKE_LINK_STARTFILE-NOTFOUND|([^/\]+-)?ld|collect2)[^/\]*( |$)]
  ignore line: [Change Dir: /home/judeonyia/Documents/ECE596C_Assignments/ECE596C_Project/cpp_project-jude-onyia/Project_Assgn_precheck_folder/package-orig/derived/CMakeFiles/CMakeTmp]
  ignore line: []
  ignore line: [Run Build Command(s):/usr/bin/gmake cmTC_7f104/fast && /usr/bin/gmake  -f CMakeFiles/cmTC_7f104.dir/build.make CMakeFiles/cmTC_7f104.dir/build]
  ignore line: [gmake[1]: Entering directory `/home/judeonyia/Documents/ECE596C_Assignments/ECE596C_Project/cpp_project-jude-onyia/Project_Assgn_precheck_folder/package-orig/derived/CMakeFiles/CMakeTmp']
  ignore line: [Building CXX object CMakeFiles/cmTC_7f104.dir/CMakeCXXCompilerABI.cpp.o]
  ignore line: [/home/frodo/public/ugls_lab-4.0.70/bin/c++    -v -o CMakeFiles/cmTC_7f104.dir/CMakeCXXCompilerABI.cpp.o -c /home/frodo/public/ugls_lab-4.0.70/packages/cmake-3.17.1/share/cmake-3.17/Modules/CMakeCXXCompilerABI.cpp]
  ignore line: [Using built-in specs.]
  ignore line: [COLLECT_GCC=/home/frodo/public/ugls_lab-4.0.70/packages/gcc/bin/g++]
  ignore line: [Target: x86_64-pc-linux-gnu]
  ignore line: [Configured with: ../src/configure --prefix=/home/frodo/public/ugls_lab-4.0.70/packages/gcc-9.3.0 --with-default-libstdcxx-abi=gcc4-compatible --enable-threads=posix --enable-tls --disable-multilib --enable-languages=all]
  ignore line: [Thread model: posix]
  ignore line: [gcc version 9.3.0 (GCC) ]
  ignore line: [COLLECT_GCC_OPTIONS='-isystem' '/home/frodo/public/ugls_lab-4.0.70/packages/boost/include' '-isystem' '/home/frodo/public/ugls_lab-4.0.70/packages/catch/include' '-isystem' '/home/frodo/public/ugls_lab-4.0.70/packages/gsl/include' '-isystem' '/home/frodo/public/ugls_lab-4.0.70/packages/CGAL/include' '-isystem' '/home/frodo/public/ugls_lab-4.0.70/packages/jasper/include' '-v' '-o' 'CMakeFiles/cmTC_7f104.dir/CMakeCXXCompilerABI.cpp.o' '-c' '-L/home/frodo/public/ugls_lab-4.0.70/packages/boost/lib' '-L/home/frodo/public/ugls_lab-4.0.70/packages/catch/lib64' '-L/home/frodo/public/ugls_lab-4.0.70/packages/CGAL/lib64' '-L/home/frodo/public/ugls_lab-4.0.70/packages/jasper/lib64' '-shared-libgcc' '-mtune=generic' '-march=x86-64']
  ignore line: [ /home/frodo/public/ugls_lab-4.0.70/packages/gcc-9.3.0/libexec/gcc/x86_64-pc-linux-gnu/9.3.0/cc1plus -quiet -v -D_GNU_SOURCE -isystem /home/frodo/public/ugls_lab-4.0.70/packages/boost/include -isystem /home/frodo/public/ugls_lab-4.0.70/packages/catch/include -isystem /home/frodo/public/ugls_lab-4.0.70/packages/gsl/include -isystem /home/frodo/public/ugls_lab-4.0.70/packages/CGAL/include -isystem /home/frodo/public/ugls_lab-4.0.70/packages/jasper/include /home/frodo/public/ugls_lab-4.0.70/packages/cmake-3.17.1/share/cmake-3.17/Modules/CMakeCXXCompilerABI.cpp -quiet -dumpbase CMakeCXXCompilerABI.cpp -mtune=generic -march=x86-64 -auxbase-strip CMakeFiles/cmTC_7f104.dir/CMakeCXXCompilerABI.cpp.o -version -o /tmp/ccWFnGfk.s]
  ignore line: [GNU C++14 (GCC) version 9.3.0 (x86_64-pc-linux-gnu)]
  ignore line: [	compiled by GNU C version 9.3.0  GMP version 6.1.0  MPFR version 3.1.4  MPC version 1.0.3  isl version isl-0.18-GMP]
  ignore line: []
  ignore line: [GGC heuristics: --param ggc-min-expand=100 --param ggc-min-heapsize=131072]
  ignore line: [ignoring nonexistent directory "/home/frodo/public/ugls_lab-4.0.70/packages/gcc-9.3.0/lib/gcc/x86_64-pc-linux-gnu/9.3.0/../../../../x86_64-pc-linux-gnu/include"]
  ignore line: [#include "..." search starts here:]
  ignore line: [#include <...> search starts here:]
  ignore line: [ /home/frodo/public/ugls_lab-4.0.70/packages/boost/include]
  ignore line: [ /home/frodo/public/ugls_lab-4.0.70/packages/catch/include]
  ignore line: [ /home/frodo/public/ugls_lab-4.0.70/packages/gsl/include]
  ignore line: [ /home/frodo/public/ugls_lab-4.0.70/packages/CGAL/include]
  ignore line: [ /home/frodo/public/ugls_lab-4.0.70/packages/jasper/include]
  ignore line: [ /home/frodo/public/ugls_lab-4.0.70/packages/gcc-9.3.0/lib/gcc/x86_64-pc-linux-gnu/9.3.0/../../../../include/c++/9.3.0]
  ignore line: [ /home/frodo/public/ugls_lab-4.0.70/packages/gcc-9.3.0/lib/gcc/x86_64-pc-linux-gnu/9.3.0/../../../../include/c++/9.3.0/x86_64-pc-linux-gnu]
  ignore line: [ /home/frodo/public/ugls_lab-4.0.70/packages/gcc-9.3.0/lib/gcc/x86_64-pc-linux-gnu/9.3.0/../../../../include/c++/9.3.0/backward]
  ignore line: [ /home/frodo/public/ugls_lab-4.0.70/packages/gcc-9.3.0/lib/gcc/x86_64-pc-linux-gnu/9.3.0/include]
  ignore line: [ /usr/local/include]
  ignore line: [ /home/frodo/public/ugls_lab-4.0.70/packages/gcc-9.3.0/include]
  ignore line: [ /home/frodo/public/ugls_lab-4.0.70/packages/gcc-9.3.0/lib/gcc/x86_64-pc-linux-gnu/9.3.0/include-fixed]
  ignore line: [ /usr/include]
  ignore line: [End of search list.]
  ignore line: [GNU C++14 (GCC) version 9.3.0 (x86_64-pc-linux-gnu)]
  ignore line: [	compiled by GNU C version 9.3.0  GMP version 6.1.0  MPFR version 3.1.4  MPC version 1.0.3  isl version isl-0.18-GMP]
  ignore line: []
  ignore line: [GGC heuristics: --param ggc-min-expand=100 --param ggc-min-heapsize=131072]
  ignore line: [Compiler executable checksum: bf8a17f1420ab312ded64984794541c5]
  ignore line: [COLLECT_GCC_OPTIONS='-isystem' '/home/frodo/public/ugls_lab-4.0.70/packages/boost/include' '-isystem' '/home/frodo/public/ugls_lab-4.0.70/packages/catch/include' '-isystem' '/home/frodo/public/ugls_lab-4.0.70/packages/gsl/include' '-isystem' '/home/frodo/public/ugls_lab-4.0.70/packages/CGAL/include' '-isystem' '/home/frodo/public/ugls_lab-4.0.70/packages/jasper/include' '-v' '-o' 'CMakeFiles/cmTC_7f104.dir/CMakeCXXCompilerABI.cpp.o' '-c' '-L/home/frodo/public/ugls_lab-4.0.70/packages/boost/lib' '-L/home/frodo/public/ugls_lab-4.0.70/packages/catch/lib64' '-L/home/frodo/public/ugls_lab-4.0.70/packages/CGAL/lib64' '-L/home/frodo/public/ugls_lab-4.0.70/packages/jasper/lib64' '-shared-libgcc' '-mtune=generic' '-march=x86-64']
  ignore line: [ as -v --64 -o CMakeFiles/cmTC_7f104.dir/CMakeCXXCompilerABI.cpp.o /tmp/ccWFnGfk.s]
  ignore line: [GNU assembler version 2.27 (x86_64-redhat-linux) using BFD version version 2.27-43.base.el7_8.1]
  ignore line: [COMPILER_PATH=/home/frodo/public/ugls_lab-4.0.70/packages/gcc-9.3.0/libexec/gcc/x86_64-pc-linux-gnu/9.3.0/:/home/frodo/public/ugls_lab-4.0.70/packages/gcc-9.3.0/libexec/gcc/x86_64-pc-linux-gnu/9.3.0/:/home/frodo/public/ugls_lab-4.0.70/packages/gcc-9.3.0/libexec/gcc/x86_64-pc-linux-gnu/:/home/frodo/public/ugls_lab-4.0.70/packages/gcc-9.3.0/lib/gcc/x86_64-pc-linux-gnu/9.3.0/:/home/frodo/public/ugls_lab-4.0.70/packages/gcc-9.3.0/lib/gcc/x86_64-pc-linux-gnu/]
  ignore line: [LIBRARY_PATH=/home/frodo/public/ugls_lab-4.0.70/packages/gcc-9.3.0/lib/gcc/x86_64-pc-linux-gnu/9.3.0/:/home/frodo/public/ugls_lab-4.0.70/packages/gcc-9.3.0/lib/gcc/x86_64-pc-linux-gnu/9.3.0/../../../../lib64/:/lib/../lib64/:/usr/lib/../lib64/:/home/frodo/public/ugls_lab-4.0.70/packages/gcc-9.3.0/lib/gcc/x86_64-pc-linux-gnu/9.3.0/../../../:/lib/:/usr/lib/]
  ignore line: [COLLECT_GCC_OPTIONS='-isystem' '/home/frodo/public/ugls_lab-4.0.70/packages/boost/include' '-isystem' '/home/frodo/public/ugls_lab-4.0.70/packages/catch/include' '-isystem' '/home/frodo/public/ugls_lab-4.0.70/packages/gsl/include' '-isystem' '/home/frodo/public/ugls_lab-4.0.70/packages/CGAL/include' '-isystem' '/home/frodo/public/ugls_lab-4.0.70/packages/jasper/include' '-v' '-o' 'CMakeFiles/cmTC_7f104.dir/CMakeCXXCompilerABI.cpp.o' '-c' '-L/home/frodo/public/ugls_lab-4.0.70/packages/boost/lib' '-L/home/frodo/public/ugls_lab-4.0.70/packages/catch/lib64' '-L/home/frodo/public/ugls_lab-4.0.70/packages/CGAL/lib64' '-L/home/frodo/public/ugls_lab-4.0.70/packages/jasper/lib64' '-shared-libgcc' '-mtune=generic' '-march=x86-64']
  ignore line: [Linking CXX executable cmTC_7f104]
  ignore line: [/home/frodo/public/ugls_lab-4.0.70/packages/cmake-3.17.1/bin/cmake -E cmake_link_script CMakeFiles/cmTC_7f104.dir/link.txt --verbose=1]
  ignore line: [/home/frodo/public/ugls_lab-4.0.70/bin/c++      -v -rdynamic CMakeFiles/cmTC_7f104.dir/CMakeCXXCompilerABI.cpp.o  -o cmTC_7f104 ]
  ignore line: [Using built-in specs.]
  ignore line: [COLLECT_GCC=/home/frodo/public/ugls_lab-4.0.70/packages/gcc/bin/g++]
  ignore line: [COLLECT_LTO_WRAPPER=/home/frodo/public/ugls_lab-4.0.70/packages/gcc-9.3.0/libexec/gcc/x86_64-pc-linux-gnu/9.3.0/lto-wrapper]
  ignore line: [Target: x86_64-pc-linux-gnu]
  ignore line: [Configured with: ../src/configure --prefix=/home/frodo/public/ugls_lab-4.0.70/packages/gcc-9.3.0 --with-default-libstdcxx-abi=gcc4-compatible --enable-threads=posix --enable-tls --disable-multilib --enable-languages=all]
  ignore line: [Thread model: posix]
  ignore line: [gcc version 9.3.0 (GCC) ]
  ignore line: [COMPILER_PATH=/home/frodo/public/ugls_lab-4.0.70/packages/gcc-9.3.0/libexec/gcc/x86_64-pc-linux-gnu/9.3.0/:/home/frodo/public/ugls_lab-4.0.70/packages/gcc-9.3.0/libexec/gcc/x86_64-pc-linux-gnu/9.3.0/:/home/frodo/public/ugls_lab-4.0.70/packages/gcc-9.3.0/libexec/gcc/x86_64-pc-linux-gnu/:/home/frodo/public/ugls_lab-4.0.70/packages/gcc-9.3.0/lib/gcc/x86_64-pc-linux-gnu/9.3.0/:/home/frodo/public/ugls_lab-4.0.70/packages/gcc-9.3.0/lib/gcc/x86_64-pc-linux-gnu/]
  ignore line: [LIBRARY_PATH=/home/frodo/public/ugls_lab-4.0.70/packages/gcc-9.3.0/lib/gcc/x86_64-pc-linux-gnu/9.3.0/:/home/frodo/public/ugls_lab-4.0.70/packages/gcc-9.3.0/lib/gcc/x86_64-pc-linux-gnu/9.3.0/../../../../lib64/:/lib/../lib64/:/usr/lib/../lib64/:/home/frodo/public/ugls_lab-4.0.70/packages/gcc-9.3.0/lib/gcc/x86_64-pc-linux-gnu/9.3.0/../../../:/lib/:/usr/lib/]
  ignore line: [COLLECT_GCC_OPTIONS='-isystem' '/home/frodo/public/ugls_lab-4.0.70/packages/boost/include' '-isystem' '/home/frodo/public/ugls_lab-4.0.70/packages/catch/include' '-isystem' '/home/frodo/public/ugls_lab-4.0.70/packages/gsl/include' '-isystem' '/home/frodo/public/ugls_lab-4.0.70/packages/CGAL/include' '-isystem' '/home/frodo/public/ugls_lab-4.0.70/packages/jasper/include' '-v' '-rdynamic' '-o' 'cmTC_7f104' '-L/home/frodo/public/ugls_lab-4.0.70/packages/boost/lib' '-L/home/frodo/public/ugls_lab-4.0.70/packages/catch/lib64' '-L/home/frodo/public/ugls_lab-4.0.70/packages/CGAL/lib64' '-L/home/frodo/public/ugls_lab-4.0.70/packages/jasper/lib64' '-shared-libgcc' '-mtune=generic' '-march=x86-64']
  link line: [ /home/frodo/public/ugls_lab-4.0.70/packages/gcc-9.3.0/libexec/gcc/x86_64-pc-linux-gnu/9.3.0/collect2 -plugin /home/frodo/public/ugls_lab-4.0.70/packages/gcc-9.3.0/libexec/gcc/x86_64-pc-linux-gnu/9.3.0/liblto_plugin.so -plugin-opt=/home/frodo/public/ugls_lab-4.0.70/packages/gcc-9.3.0/libexec/gcc/x86_64-pc-linux-gnu/9.3.0/lto-wrapper -plugin-opt=-fresolution=/tmp/ccggz6Do.res -plugin-opt=-pass-through=-lgcc_s -plugin-opt=-pass-through=-lgcc -plugin-opt=-pass-through=-lc -plugin-opt=-pass-through=-lgcc_s -plugin-opt=-pass-through=-lgcc --eh-frame-hdr -m elf_x86_64 -export-dynamic -dynamic-linker /lib64/ld-linux-x86-64.so.2 -o cmTC_7f104 /lib/../lib64/crt1.o /lib/../lib64/crti.o /home/frodo/public/ugls_lab-4.0.70/packages/gcc-9.3.0/lib/gcc/x86_64-pc-linux-gnu/9.3.0/crtbegin.o -L/home/frodo/public/ugls_lab-4.0.70/packages/boost/lib -L/home/frodo/public/ugls_lab-4.0.70/packages/catch/lib64 -L/home/frodo/public/ugls_lab-4.0.70/packages/CGAL/lib64 -L/home/frodo/public/ugls_lab-4.0.70/packages/jasper/lib64 -L/home/frodo/public/ugls_lab-4.0.70/packages/gcc-9.3.0/lib/gcc/x86_64-pc-linux-gnu/9.3.0 -L/home/frodo/public/ugls_lab-4.0.70/packages/gcc-9.3.0/lib/gcc/x86_64-pc-linux-gnu/9.3.0/../../../../lib64 -L/lib/../lib64 -L/usr/lib/../lib64 -L/home/frodo/public/ugls_lab-4.0.70/packages/gcc-9.3.0/lib/gcc/x86_64-pc-linux-gnu/9.3.0/../../.. CMakeFiles/cmTC_7f104.dir/CMakeCXXCompilerABI.cpp.o -rpath /home/frodo/public/ugls_lab-4.0.70/packages/boost/lib -rpath /home/frodo/public/ugls_lab-4.0.70/packages/catch/lib64 -rpath /home/frodo/public/ugls_lab-4.0.70/packages/CGAL/lib64 -rpath /home/frodo/public/ugls_lab-4.0.70/packages/jasper/lib64 -rpath /home/frodo/public/ugls_lab-4.0.70/packages/gcc/lib64 -lstdc++ -lm -lgcc_s -lgcc -lc -lgcc_s -lgcc /home/frodo/public/ugls_lab-4.0.70/packages/gcc-9.3.0/lib/gcc/x86_64-pc-linux-gnu/9.3.0/crtend.o /lib/../lib64/crtn.o]
    arg [/home/frodo/public/ugls_lab-4.0.70/packages/gcc-9.3.0/libexec/gcc/x86_64-pc-linux-gnu/9.3.0/collect2] ==> ignore
    arg [-plugin] ==> ignore
    arg [/home/frodo/public/ugls_lab-4.0.70/packages/gcc-9.3.0/libexec/gcc/x86_64-pc-linux-gnu/9.3.0/liblto_plugin.so] ==> ignore
    arg [-plugin-opt=/home/frodo/public/ugls_lab-4.0.70/packages/gcc-9.3.0/libexec/gcc/x86_64-pc-linux-gnu/9.3.0/lto-wrapper] ==> ignore
    arg [-plugin-opt=-fresolution=/tmp/ccggz6Do.res] ==> ignore
    arg [-plugin-opt=-pass-through=-lgcc_s] ==> ignore
    arg [-plugin-opt=-pass-through=-lgcc] ==> ignore
    arg [-plugin-opt=-pass-through=-lc] ==> ignore
    arg [-plugin-opt=-pass-through=-lgcc_s] ==> ignore
    arg [-plugin-opt=-pass-through=-lgcc] ==> ignore
    arg [--eh-frame-hdr] ==> ignore
    arg [-m] ==> ignore
    arg [elf_x86_64] ==> ignore
    arg [-export-dynamic] ==> ignore
    arg [-dynamic-linker] ==> ignore
    arg [/lib64/ld-linux-x86-64.so.2] ==> ignore
    arg [-o] ==> ignore
    arg [cmTC_7f104] ==> ignore
    arg [/lib/../lib64/crt1.o] ==> ignore
    arg [/lib/../lib64/crti.o] ==> ignore
    arg [/home/frodo/public/ugls_lab-4.0.70/packages/gcc-9.3.0/lib/gcc/x86_64-pc-linux-gnu/9.3.0/crtbegin.o] ==> ignore
    arg [-L/home/frodo/public/ugls_lab-4.0.70/packages/boost/lib] ==> dir [/home/frodo/public/ugls_lab-4.0.70/packages/boost/lib]
    arg [-L/home/frodo/public/ugls_lab-4.0.70/packages/catch/lib64] ==> dir [/home/frodo/public/ugls_lab-4.0.70/packages/catch/lib64]
    arg [-L/home/frodo/public/ugls_lab-4.0.70/packages/CGAL/lib64] ==> dir [/home/frodo/public/ugls_lab-4.0.70/packages/CGAL/lib64]
    arg [-L/home/frodo/public/ugls_lab-4.0.70/packages/jasper/lib64] ==> dir [/home/frodo/public/ugls_lab-4.0.70/packages/jasper/lib64]
    arg [-L/home/frodo/public/ugls_lab-4.0.70/packages/gcc-9.3.0/lib/gcc/x86_64-pc-linux-gnu/9.3.0] ==> dir [/home/frodo/public/ugls_lab-4.0.70/packages/gcc-9.3.0/lib/gcc/x86_64-pc-linux-gnu/9.3.0]
    arg [-L/home/frodo/public/ugls_lab-4.0.70/packages/gcc-9.3.0/lib/gcc/x86_64-pc-linux-gnu/9.3.0/../../../../lib64] ==> dir [/home/frodo/public/ugls_lab-4.0.70/packages/gcc-9.3.0/lib/gcc/x86_64-pc-linux-gnu/9.3.0/../../../../lib64]
    arg [-L/lib/../lib64] ==> dir [/lib/../lib64]
    arg [-L/usr/lib/../lib64] ==> dir [/usr/lib/../lib64]
    arg [-L/home/frodo/public/ugls_lab-4.0.70/packages/gcc-9.3.0/lib/gcc/x86_64-pc-linux-gnu/9.3.0/../../..] ==> dir [/home/frodo/public/ugls_lab-4.0.70/packages/gcc-9.3.0/lib/gcc/x86_64-pc-linux-gnu/9.3.0/../../..]
    arg [CMakeFiles/cmTC_7f104.dir/CMakeCXXCompilerABI.cpp.o] ==> ignore
    arg [-rpath] ==> ignore
    arg [/home/frodo/public/ugls_lab-4.0.70/packages/boost/lib] ==> ignore
    arg [-rpath] ==> ignore
    arg [/home/frodo/public/ugls_lab-4.0.70/packages/catch/lib64] ==> ignore
    arg [-rpath] ==> ignore
    arg [/home/frodo/public/ugls_lab-4.0.70/packages/CGAL/lib64] ==> ignore
    arg [-rpath] ==> ignore
    arg [/home/frodo/public/ugls_lab-4.0.70/packages/jasper/lib64] ==> ignore
    arg [-rpath] ==> ignore
    arg [/home/frodo/public/ugls_lab-4.0.70/packages/gcc/lib64] ==> ignore
    arg [-lstdc++] ==> lib [stdc++]
    arg [-lm] ==> lib [m]
    arg [-lgcc_s] ==> lib [gcc_s]
    arg [-lgcc] ==> lib [gcc]
    arg [-lc] ==> lib [c]
    arg [-lgcc_s] ==> lib [gcc_s]
    arg [-lgcc] ==> lib [gcc]
    arg [/home/frodo/public/ugls_lab-4.0.70/packages/gcc-9.3.0/lib/gcc/x86_64-pc-linux-gnu/9.3.0/crtend.o] ==> ignore
    arg [/lib/../lib64/crtn.o] ==> ignore
  collapse library dir [/home/frodo/public/ugls_lab-4.0.70/packages/boost/lib] ==> [/home/frodo/public/ugls_lab-4.0.70/packages/boost/lib]
  collapse library dir [/home/frodo/public/ugls_lab-4.0.70/packages/catch/lib64] ==> [/home/frodo/public/ugls_lab-4.0.70/packages/catch/lib64]
  collapse library dir [/home/frodo/public/ugls_lab-4.0.70/packages/CGAL/lib64] ==> [/home/frodo/public/ugls_lab-4.0.70/packages/CGAL/lib64]
  collapse library dir [/home/frodo/public/ugls_lab-4.0.70/packages/jasper/lib64] ==> [/home/frodo/public/ugls_lab-4.0.70/packages/jasper/lib64]
  collapse library dir [/home/frodo/public/ugls_lab-4.0.70/packages/gcc-9.3.0/lib/gcc/x86_64-pc-linux-gnu/9.3.0] ==> [/home/frodo/public/ugls_lab-4.0.70/packages/gcc-9.3.0/lib/gcc/x86_64-pc-linux-gnu/9.3.0]
  collapse library dir [/home/frodo/public/ugls_lab-4.0.70/packages/gcc-9.3.0/lib/gcc/x86_64-pc-linux-gnu/9.3.0/../../../../lib64] ==> [/home/frodo/public/ugls_lab-4.0.70/packages/gcc-9.3.0/lib64]
  collapse library dir [/lib/../lib64] ==> [/lib64]
  collapse library dir [/usr/lib/../lib64] ==> [/usr/lib64]
  collapse library dir [/home/frodo/public/ugls_lab-4.0.70/packages/gcc-9.3.0/lib/gcc/x86_64-pc-linux-gnu/9.3.0/../../..] ==> [/home/frodo/public/ugls_lab-4.0.70/packages/gcc-9.3.0/lib]
  implicit libs: [stdc++;m;gcc_s;gcc;c;gcc_s;gcc]
  implicit dirs: [/home/frodo/public/ugls_lab-4.0.70/packages/boost/lib;/home/frodo/public/ugls_lab-4.0.70/packages/catch/lib64;/home/frodo/public/ugls_lab-4.0.70/packages/CGAL/lib64;/home/frodo/public/ugls_lab-4.0.70/packages/jasper/lib64;/home/frodo/public/ugls_lab-4.0.70/packages/gcc-9.3.0/lib/gcc/x86_64-pc-linux-gnu/9.3.0;/home/frodo/public/ugls_lab-4.0.70/packages/gcc-9.3.0/lib64;/lib64;/usr/lib64;/home/frodo/public/ugls_lab-4.0.70/packages/gcc-9.3.0/lib]
  implicit fwks: []


